---------------------< SELECTION CRITERIA >-------------------------------- 0001

        Hydrogen bond geometric selection criteria:                             
        ~~~~~~~~~~~~~~~~~~~~~~~~~~~~~~~~~~~~~~~~~~~                             
        Donor-Acceptor distance <= 3.5 Ang. without sulfur                      
        Donor-Acceptor distance <= 4 Ang. with sulfur                           
        Donor-Acceptor distance <= 4.5 Ang. salt bridge                         
        Hydrogen-Acceptor distance <= 2.5 Ang. without sulfur                   
        Hydrogen-Acceptor distance <= 3 Ang. with sulfur                        
        Hydrogen-Acceptor distance <= 3.5 Ang. salt bridge                      
        Donor-Hydrogen-Acceptor angle >= 110 Deg.                               
        Hydrogen-Acceptor-Preacceptor angle >= 90 Deg.                          
                                                                                
        Hydrogen bond energetic selection criteria:                             
        ~~~~~~~~~~~~~~~~~~~~~~~~~~~~~~~~~~~~~~~~~~~                             
        Maximum allowed hydrogen bonding energy = 0 Kcal/Mol                    
                                                                                
        Non-covalent bond selection criteria:                                   
        ~~~~~~~~~~~~~~~~~~~~~~~~~~~~~~~~~~~~~                                   
        Default: Remove *ALL* H-bonds involving waters                          
---------------------------------------------------------------------
                    BASIC SUMMARY OF PROFLEX ANALYSIS

     37956 Atoms
      1883 Hydrogen bonds
      2436 Hydrophobic tethers
      3508 Torsional constraints
      4321 Independent degrees of freedom (DOF)
     12811 Rigid clusters
         0 Isolated atoms
         0 Isolated Dimers
         1 Three-dimensional objects
       267 Network induced stress regions
      4315 Floppy modes (internal independent DOF)
     14509 Hinge joints
      3007 Independent hinge joints
        79 Collective motions (with two or more hinges)

---------- Rigid cluster Size ----- Cluster # ------------
                      3               7160
                      4               3457
                      5                273
                      6               1452
                      7                 27
                      8                 76
                      9                 82
                     10                113
                     11                 33
                     12                 34
                     13                 19
                     14                 18
                     15                  6
                     16                  1
                     17                  1
                     18                  1
                     19                  3
                     20                  1
                     21                  2
                     22                  2
                     23                  2
                     24                  5
                     26                  2
                     28                  1
                     29                  1
                     30                  1
                     31                  1
                     32                  1
                     33                  2
                     34                  2
                     36                  2
                     39                  2
                     42                  4
                     44                  1
                     49                  1
                     56                  2
                     57                  1
                     58                  2
                     61                  1
                     62                  1
                     71                  1
                     72                  1
                     73                  1
                     74                  1
                     75                  1
                     79                  1
                     95                  1
                    186                  1
                    282                  1
                    921                  1
                   1336                  1
                   1367                  1
                   1467                  1
                   1471                  1
                   8460                  1

---------- Stress Region Size ----- Cluster # ------------
                      4                 19
                      5                134
                      6                 24
                      7                 10
                      8                 11
                      9                 16
                     10                  7
                     12                  1
                     13                  1
                     14                  6
                     17                  1
                     19                  4
                     20                  1
                     23                  3
                     24                  1
                     25                  1
                     27                  3
                     29                  1
                     33                  1
                     34                  2
                     37                  1
                     43                  1
                     44                  1
                     46                  1
                     48                  2
                     50                  2
                     52                  1
                     57                  1
                     70                  1
                     77                  1
                     85                  1
                    196                  1
                    701                  1
                    906                  1
                   1025                  1
                   1163                  1
                   1164                  1
                   6219                  1

---- Collective Motion ---- # of hinges ---- # of DOF ----
                  1               9968          1040
                  2                  7             1
                  3                 15             3
                  4                 63            27
                  5                  7             1
                  6                 10             4
                  7                  7             1
                  8                 13             1
                  9                 10             4
                 10                 21             3
                 11                  9             3
                 12                  7             1
                 13                 28             4
                 14                 85             1
                 15                  9             3
                 16                  7             1
                 17                  7             1
                 18                305            53
                 19                  7             1
                 20                 13             1
                 21                  7             1
                 22                 13             1
                 23                  7             1
                 24                 14             2
                 25                  7             1
                 26                  8             2
                 27                  9             3
                 28                  8             2
                 29                 14             2
                 30                  8             2
                 31                  8             2
                 32                  7             1
                 33                 13             1
                 34                 10             4
                 35                  7             1
                 36                  7             1
                 37                  9             3
                 38                  7             1
                 39                 19             1
                 40                 38             8
                 41                 15             3
                 42                 15             3
                 43                  7             1
                 44                  7             1
                 45                  7             1
                 46                 20             2
                 47                  9             3
                 48                  9             3
                 49                 13             1
                 50                  8             2
                 51                  7             1
                 52                  7             1
                 53                  8             2
                 54                  9             3
                 55                  9             3
                 56                  8             2
                 57                  7             1
                 58                  7             1
                 59                 10             4
                 60                 27             3
                 61                  7             1
                 62                 93             9
                 63                235            37
                 64                  7             1
                 65                  7             1
                 66                  7             1
                 67                 13             1
                 68                  9             3
                 69                  7             1
                 70                  7             1
                 71                  8             2
                 72                 14             2
                 73                  7             1
                 74                  7             1
                 75                  7             1
                 76                  7             1
                 77                  8             2
                 78                 18             6
                 79                  7             1

