#creates a bin folder in the proflex directory that contains links to all executables
mkdir -p bin
ln -sf /home/lwang/AI-HDX-main/ProteinComplex_HDX_prediction/prog/ProFlex-master/proflex/prog/first/bin/proflex bin/proflex
ln -sf /home/lwang/AI-HDX-main/ProteinComplex_HDX_prediction/prog/ProFlex-master/proflex/prog/hbdilute/bin/hbdilute bin/hbdilute
ln -sf /home/lwang/AI-HDX-main/ProteinComplex_HDX_prediction/prog/ProFlex-master/proflex/prog/../util/flex_index bin/flex_index
(cd ./prog/first/src/c++; make)
make[1]: ディレクトリ '/home/lwang/AI-HDX-main/ProteinComplex_HDX_prediction/prog/ProFlex-master/proflex/prog/first/src/c++' に入ります
make[1]: '../../bin/proflex' は更新済みです.
make[1]: ディレクトリ '/home/lwang/AI-HDX-main/ProteinComplex_HDX_prediction/prog/ProFlex-master/proflex/prog/first/src/c++' から出ます
(cd ./prog/first/src/fortran; make)
make[1]: ディレクトリ '/home/lwang/AI-HDX-main/ProteinComplex_HDX_prediction/prog/ProFlex-master/proflex/prog/first/src/fortran' に入ります
gfortran -O3 -o ../../bin/first clstrlabels.o colorclustr.o decomp_R3dbb.o decomp_H3dbb.o decomp_L3dbb.o \
decomp_C3dbb.o first.o get_files.o read_data.o out_chime.o \
        mapmolecule.o name_change.o out_PDBfile.o out_decomp.o out_script.o \
        outputfirst.o pebgam_3dbb.o place_Hbond.o pruning.o read_hb_list.o \
        relabelatms.o molflex_3dbb.o hbdilute.o decomp_list.o hbfunction.o \
hbpruning.o output_HBdilute.o output_bondwts.o -g
make[1]: ディレクトリ '/home/lwang/AI-HDX-main/ProteinComplex_HDX_prediction/prog/ProFlex-master/proflex/prog/first/src/fortran' から出ます
(cd ./prog/hbdilute/src; make )
make[1]: ディレクトリ '/home/lwang/AI-HDX-main/ProteinComplex_HDX_prediction/prog/ProFlex-master/proflex/prog/hbdilute/src' に入ります
gcc -o ../bin/hbdilute  hbdilute.o postscript.o hbfunctions.o connect.o graphs.o  text_output.o -lm -g
hbdilute.o: file not recognized: ファイル形式が認識できません
collect2: error: ld returned 1 exit status
Makefile:29: recipe for target '../bin/hbdilute' failed
make[1]: *** [../bin/hbdilute] Error 1
make[1]: ディレクトリ '/home/lwang/AI-HDX-main/ProteinComplex_HDX_prediction/prog/ProFlex-master/proflex/prog/hbdilute/src' から出ます
Makefile:27: recipe for target 'all' failed
make: *** [all] Error 2
