MSV000088425 AF-P00734-F1-model_v4 A
file not found
MSV000088425 1dx5_revised A
(622, 47)
   0    1      2      3      4      5   ...    41    42    43        44   45   46
0   1  MET -0.663 -1.524  2.219 -1.005  ...  10.0  10.0  10.0  9.235085  5.0  5.0
1   2  ALA -0.591 -1.302 -0.733  1.570  ...  10.0  10.0  10.0  9.360759  5.0  5.0
2   3  HIS  0.336 -0.417 -1.673 -1.474  ...  10.0  10.0  10.0  9.377602  5.0  5.0
3   4  VAL -1.337 -0.279 -0.544  1.242  ...  10.0  10.0  10.0  9.377894  5.0  5.0
4   5  ARG  1.538 -0.055  1.502  0.440  ...  10.0  10.0  10.0  9.390606  5.0  5.0

[5 rows x 47 columns]
protein length: 622
rigidity length: (622, 1)
[[1.00000e+00]
 [1.00000e+00]
 [1.00000e+00]
 [1.00000e+00]
 [1.00000e+00]
 [1.00000e+00]
 [1.00000e+00]
 [1.00000e+00]
 [1.00000e+00]
 [1.00000e+00]
 [1.00000e+00]
 [5.00000e-01]
 [0.00000e+00]
 [0.00000e+00]
 [5.00000e-01]
 [1.00000e+00]
 [1.00000e+00]
 [1.00000e+00]
 [1.00000e+00]
 [1.00000e+00]
 [1.00000e+00]
 [1.00000e+00]
 [1.00000e+00]
 [1.00000e+00]
 [1.00000e+00]
 [1.00000e+00]
 [1.00000e+00]
 [1.00000e+00]
 [1.00000e+00]
 [1.00000e+00]
 [6.42894e-01]
 [2.85788e-01]
 [2.85788e-01]
 [2.85788e-01]
 [2.66852e-01]
 [2.47916e-01]
 [2.47916e-01]
 [6.23958e-01]
 [1.00000e+00]
 [1.00000e+00]
 [1.00000e+00]
 [1.00000e+00]
 [1.00000e+00]
 [1.00000e+00]
 [1.00000e+00]
 [1.00000e+00]
 [1.00000e+00]
 [1.00000e+00]
 [1.00000e+00]
 [1.00000e+00]
 [1.00000e+00]
 [1.00000e+00]
 [1.00000e+00]
 [9.94913e-01]
 [5.05219e-01]
 [5.10306e-01]
 [1.00000e+00]
 [1.00000e+00]
 [1.00000e+00]
 [1.00000e+00]
 [1.00000e+00]
 [5.12842e-01]
 [2.56850e-02]
 [2.56850e-02]
 [1.37440e-02]
 [1.80400e-03]
 [1.80400e-03]
 [1.80400e-03]
 [1.80400e-03]
 [1.80400e-03]
 [1.80400e-03]
 [1.80400e-03]
 [3.72000e-03]
 [5.63600e-03]
 [5.63600e-03]
 [4.44200e-03]
 [2.52600e-03]
 [1.80400e-03]
 [1.80400e-03]
 [1.80400e-03]
 [1.80400e-03]
 [1.80400e-03]
 [1.80400e-03]
 [1.80400e-03]
 [1.80400e-03]
 [1.80400e-03]
 [1.80400e-03]
 [9.75200e-03]
 [1.16312e-01]
 [2.14925e-01]
 [6.07463e-01]
 [1.00000e+00]
 [1.00000e+00]
 [1.00000e+00]
 [1.00000e+00]
 [1.00000e+00]
 [5.02295e-01]
 [4.59000e-03]
 [4.59000e-03]
 [4.59000e-03]
 [4.59000e-03]
 [4.59000e-03]
 [4.59000e-03]
 [4.59000e-03]
 [1.10010e-02]
 [4.50640e-02]
 [7.27160e-02]
 [7.27160e-02]
 [7.27160e-02]
 [7.27160e-02]
 [7.27160e-02]
 [7.27160e-02]
 [7.27160e-02]
 [7.27160e-02]
 [6.86160e-02]
 [6.45160e-02]
 [6.45160e-02]
 [6.45160e-02]
 [4.87380e-02]
 [3.29610e-02]
 [3.29610e-02]
 [3.29610e-02]
 [3.29610e-02]
 [3.29610e-02]
 [4.83120e-02]
 [6.36640e-02]
 [6.36640e-02]
 [4.83120e-02]
 [2.22610e-02]
 [1.15610e-02]
 [1.15610e-02]
 [1.15610e-02]
 [1.42800e-02]
 [2.49790e-02]
 [3.29610e-02]
 [3.29610e-02]
 [3.29610e-02]
 [3.29610e-02]
 [3.29610e-02]
 [3.29610e-02]
 [3.29610e-02]
 [3.28990e-02]
 [2.82390e-02]
 [2.36410e-02]
 [2.36410e-02]
 [2.36410e-02]
 [2.36410e-02]
 [5.11821e-01]
 [1.00000e+00]
 [1.00000e+00]
 [5.05781e-01]
 [1.15610e-02]
 [1.15610e-02]
 [1.15610e-02]
 [1.15610e-02]
 [1.15610e-02]
 [6.15800e-03]
 [7.55000e-04]
 [7.55000e-04]
 [7.55000e-04]
 [7.55000e-04]
 [4.97690e-02]
 [9.87830e-02]
 [9.87830e-02]
 [9.87830e-02]
 [9.87830e-02]
 [9.87830e-02]
 [5.49392e-01]
 [1.00000e+00]
 [1.00000e+00]
 [5.06192e-01]
 [2.31560e-02]
 [3.39290e-02]
 [3.39290e-02]
 [3.39290e-02]
 [3.39290e-02]
 [3.39290e-02]
 [5.16964e-01]
 [1.00000e+00]
 [1.00000e+00]
 [5.00378e-01]
 [1.68580e-02]
 [3.29610e-02]
 [5.28390e-02]
 [7.27160e-02]
 [7.27160e-02]
 [7.27160e-02]
 [7.27160e-02]
 [7.27160e-02]
 [7.27160e-02]
 [7.27160e-02]
 [7.27160e-02]
 [7.27160e-02]
 [3.91751e-01]
 [7.10785e-01]
 [7.10785e-01]
 [7.10785e-01]
 [7.10785e-01]
 [8.55393e-01]
 [1.00000e+00]
 [1.00000e+00]
 [1.00000e+00]
 [1.00000e+00]
 [1.00000e+00]
 [1.00000e+00]
 [1.00000e+00]
 [1.00000e+00]
 [1.00000e+00]
 [1.00000e+00]
 [1.00000e+00]
 [1.00000e+00]
 [1.00000e+00]
 [8.01311e-01]
 [6.02622e-01]
 [6.02622e-01]
 [8.01311e-01]
 [1.00000e+00]
 [1.00000e+00]
 [8.01311e-01]
 [6.02622e-01]
 [6.02622e-01]
 [6.02622e-01]
 [6.02622e-01]
 [6.02622e-01]
 [6.02622e-01]
 [4.00496e-01]
 [1.98370e-01]
 [1.98370e-01]
 [1.98370e-01]
 [1.98370e-01]
 [1.98370e-01]
 [1.98370e-01]
 [1.98370e-01]
 [1.10010e-01]
 [2.16500e-02]
 [2.16500e-02]
 [2.16500e-02]
 [5.84680e-02]
 [5.54630e-02]
 [1.56390e-02]
 [1.56390e-02]
 [1.56390e-02]
 [1.56390e-02]
 [1.56390e-02]
 [1.56390e-02]
 [1.23781e-01]
 [2.31923e-01]
 [2.31923e-01]
 [2.31923e-01]
 [2.31923e-01]
 [1.26786e-01]
 [2.37640e-02]
 [2.58770e-02]
 [2.58770e-02]
 [2.58770e-02]
 [2.58770e-02]
 [2.37640e-02]
 [2.16500e-02]
 [2.16500e-02]
 [2.16500e-02]
 [2.16500e-02]
 [2.16500e-02]
 [2.16500e-02]
 [2.16500e-02]
 [2.16500e-02]
 [2.16500e-02]
 [2.16500e-02]
 [2.16500e-02]
 [2.16500e-02]
 [2.16500e-02]
 [2.16500e-02]
 [2.16500e-02]
 [5.10825e-01]
 [1.00000e+00]
 [1.00000e+00]
 [1.00000e+00]
 [1.00000e+00]
 [1.00000e+00]
 [1.00000e+00]
 [5.00494e-01]
 [9.87000e-04]
 [5.00494e-01]
 [1.00000e+00]
 [1.00000e+00]
 [1.00000e+00]
 [5.10825e-01]
 [3.12136e-01]
 [6.02622e-01]
 [6.02622e-01]
 [6.02622e-01]
 [6.02622e-01]
 [6.02622e-01]
 [6.02622e-01]
 [6.02622e-01]
 [8.01311e-01]
 [1.00000e+00]
 [1.00000e+00]
 [8.01311e-01]
 [8.01311e-01]
 [1.00000e+00]
 [1.00000e+00]
 [1.00000e+00]
 [1.00000e+00]
 [1.00000e+00]
 [1.00000e+00]
 [1.00000e+00]
 [1.00000e+00]
 [1.00000e+00]
 [1.00000e+00]
 [1.00000e+00]
 [1.00000e+00]
 [1.00000e+00]
 [1.00000e+00]
 [1.00000e+00]
 [1.00000e+00]
 [1.00000e+00]
 [1.00000e+00]
 [1.00000e+00]
 [1.00000e+00]
 [1.00000e+00]
 [1.00000e+00]
 [1.00000e+00]
 [5.00000e-01]
 [0.00000e+00]
 [1.83400e-03]
 [5.01834e-01]
 [1.00000e+00]
 [1.00000e+00]
 [1.00000e+00]
 [5.05888e-01]
 [1.17760e-02]
 [1.17760e-02]
 [1.17760e-02]
 [1.17760e-02]
 [1.17760e-02]
 [1.01400e-02]
 [8.50400e-03]
 [8.50400e-03]
 [8.29500e-03]
 [8.08700e-03]
 [8.08700e-03]
 [8.08700e-03]
 [5.04044e-01]
 [1.00000e+00]
 [1.00000e+00]
 [5.25732e-01]
 [5.14640e-02]
 [5.14640e-02]
 [2.97760e-02]
 [8.08700e-03]
 [8.29500e-03]
 [5.04252e-01]
 [1.00000e+00]
 [1.00000e+00]
 [6.44044e-01]
 [2.88087e-01]
 [2.88087e-01]
 [2.88087e-01]
 [1.71720e-01]
 [5.53520e-02]
 [5.53520e-02]
 [1.00351e-01]
 [5.72675e-01]
 [1.00000e+00]
 [1.00000e+00]
 [1.00000e+00]
 [1.00000e+00]
 [1.00000e+00]
 [1.00000e+00]
 [5.60696e-01]
 [1.21391e-01]
 [1.21391e-01]
 [1.21391e-01]
 [6.49470e-02]
 [8.50400e-03]
 [8.50400e-03]
 [8.50400e-03]
 [8.50400e-03]
 [8.50400e-03]
 [4.89600e-03]
 [1.28700e-03]
 [1.28700e-03]
 [1.95630e-02]
 [5.18919e-01]
 [1.00000e+00]
 [1.00000e+00]
 [1.00000e+00]
 [5.44438e-01]
 [4.58870e-02]
 [5.70000e-03]
 [8.50400e-03]
 [8.50400e-03]
 [8.50400e-03]
 [8.50400e-03]
 [8.50400e-03]
 [8.50400e-03]
 [8.50400e-03]
 [8.50400e-03]
 [8.50400e-03]
 [8.50400e-03]
 [8.50400e-03]
 [8.50400e-03]
 [8.50400e-03]
 [9.88900e-03]
 [5.05638e-01]
 [1.00000e+00]
 [1.00000e+00]
 [5.09175e-01]
 [5.09175e-01]
 [1.00000e+00]
 [1.00000e+00]
 [1.00000e+00]
 [1.00000e+00]
 [5.09175e-01]
 [5.09175e-01]
 [1.00000e+00]
 [5.09175e-01]
 [2.80940e-02]
 [5.18919e-01]
 [1.00000e+00]
 [1.00000e+00]
 [5.18919e-01]
 [1.95630e-02]
 [1.28700e-03]
 [1.28700e-03]
 [1.28700e-03]
 [1.28700e-03]
 [1.28700e-03]
 [1.99900e-03]
 [7.20900e-03]
 [1.17080e-02]
 [1.17080e-02]
 [1.17080e-02]
 [6.49800e-03]
 [1.28700e-03]
 [8.68000e-04]
 [4.49000e-04]
 [4.49000e-04]
 [8.68000e-04]
 [1.28700e-03]
 [1.28700e-03]
 [1.28700e-03]
 [4.89600e-03]
 [8.50400e-03]
 [8.50400e-03]
 [8.50400e-03]
 [8.50400e-03]
 [8.50400e-03]
 [8.50400e-03]
 [9.88900e-03]
 [1.12750e-02]
 [1.12750e-02]
 [1.12750e-02]
 [1.48120e-02]
 [9.17500e-03]
 [0.00000e+00]
 [9.93710e-02]
 [1.98742e-01]
 [1.98742e-01]
 [1.10196e-01]
 [2.00000e-02]
 [1.48120e-02]
 [9.88900e-03]
 [8.50400e-03]
 [8.50400e-03]
 [8.50400e-03]
 [8.50400e-03]
 [8.50400e-03]
 [5.04252e-01]
 [1.00000e+00]
 [1.00000e+00]
 [1.00000e+00]
 [1.00000e+00]
 [1.00000e+00]
 [5.07918e-01]
 [1.58350e-02]
 [1.21690e-02]
 [8.50400e-03]
 [8.50400e-03]
 [8.50400e-03]
 [8.50400e-03]
 [8.50400e-03]
 [8.50400e-03]
 [8.50400e-03]
 [5.06000e-03]
 [1.61500e-03]
 [1.61500e-03]
 [1.61500e-03]
 [1.61500e-03]
 [1.61500e-03]
 [1.61500e-03]
 [1.61500e-03]
 [5.38600e-03]
 [1.48622e-01]
 [2.88087e-01]
 [2.88087e-01]
 [2.88087e-01]
 [2.88087e-01]
 [2.12452e-01]
 [7.26600e-02]
 [8.50400e-03]
 [8.50400e-03]
 [8.50400e-03]
 [8.50400e-03]
 [1.34270e-02]
 [1.83500e-02]
 [1.83500e-02]
 [1.83500e-02]
 [1.83500e-02]
 [1.83500e-02]
 [1.83500e-02]
 [5.09175e-01]
 [1.00000e+00]
 [1.00000e+00]
 [1.00000e+00]
 [1.00000e+00]
 [1.00000e+00]
 [1.00000e+00]
 [1.00000e+00]
 [5.05854e-01]
 [1.17080e-02]
 [1.17080e-02]
 [1.01060e-02]
 [8.50400e-03]
 [8.50400e-03]
 [8.50400e-03]
 [8.50400e-03]
 [8.50400e-03]
 [8.50400e-03]
 [5.04252e-01]
 [1.00000e+00]
 [5.04252e-01]
 [4.32600e-03]
 [1.49000e-04]
 [1.49000e-04]
 [1.49000e-04]
 [1.49000e-04]
 [2.64060e-02]
 [5.26620e-02]
 [5.26620e-02]
 [5.26620e-02]
 [5.26620e-02]
 [5.26620e-02]
 [5.26620e-02]
 [5.26620e-02]
 [4.31940e-02]
 [3.37260e-02]
 [2.12800e-02]
 [4.77500e-03]
 [7.16000e-04]
 [7.16000e-04]
 [5.00358e-01]
 [1.00000e+00]
 [1.00000e+00]
 [1.00000e+00]
 [1.00000e+00]
 [1.00000e+00]
 [1.00000e+00]
 [1.00000e+00]
 [1.00000e+00]
 [1.00000e+00]
 [1.00000e+00]
 [1.00000e+00]
 [1.00000e+00]
 [1.00000e+00]
 [1.00000e+00]
 [5.09175e-01]
 [1.34270e-02]
 [8.50400e-03]
 [8.50400e-03]
 [8.50400e-03]
 [8.50400e-03]
 [8.50400e-03]
 [8.50400e-03]
 [8.50400e-03]
 [1.21210e-02]
 [1.57390e-02]
 [1.57390e-02]
 [1.57390e-02]
 [1.57390e-02]
 [1.21210e-02]
 [8.50400e-03]
 [8.50400e-03]
 [8.50400e-03]
 [8.50400e-03]
 [8.50400e-03]
 [8.50400e-03]
 [8.50400e-03]
 [2.07320e-02]
 [3.29610e-02]
 [3.29610e-02]
 [5.16480e-01]
 [1.00000e+00]
 [1.00000e+00]
 [5.03232e-01]
 [1.97120e-02]
 [3.29610e-02]
 [3.29610e-02]
 [3.29610e-02]
 [2.07320e-02]
 [8.50400e-03]
 [6.88100e-03]
 [2.98700e-03]
 [4.61000e-03]
 [8.50400e-03]
 [8.50400e-03]
 [4.25200e-03]
 [0.00000e+00]
 [4.25200e-03]
 [7.91800e-03]
 [7.33300e-03]
 [7.33300e-03]
 [7.33300e-03]
 [7.33300e-03]
 [7.33300e-03]
 [7.33300e-03]
 [7.33300e-03]
 [1.19930e-02]
 [7.99270e-02]
 [1.43201e-01]
 [5.71601e-01]
 [1.00000e+00]]
dssp length: (622, 1)
[[1.        ]
 [0.81132075]
 [0.91304348]
 [0.71830986]
 [0.94758065]
 [0.71428571]
 [0.95731707]
 [0.92424242]
 [0.9695122 ]
 [0.97058824]
 [0.72619048]
 [0.83703704]
 [0.96341463]
 [0.74528302]
 [1.        ]
 [0.85849057]
 [0.86792453]
 [1.        ]
 [0.84444444]
 [0.75384615]
 [0.87195122]
 [0.8028169 ]
 [0.65217391]
 [0.97692308]
 [0.62121212]
 [0.84782609]
 [1.        ]
 [0.83248731]
 [0.59146341]
 [0.45283019]
 [0.76470588]
 [0.86363636]
 [0.58585859]
 [0.24528302]
 [0.81048387]
 [0.6       ]
 [0.74390244]
 [0.83536585]
 [0.86868687]
 [0.68548387]
 [0.81690141]
 [0.46370968]
 [0.58064516]
 [0.26415094]
 [0.41401274]
 [0.47887324]
 [0.95939086]
 [0.76829268]
 [0.04123711]
 [0.4742268 ]
 [0.88028169]
 [0.60887097]
 [0.76585366]
 [0.22619048]
 [0.46496815]
 [0.25609756]
 [0.44845361]
 [0.14919355]
 [0.04639175]
 [0.        ]
 [0.16901408]
 [0.58762887]
 [0.37628866]
 [0.63380282]
 [0.05925926]
 [0.21538462]
 [0.2972973 ]
 [0.2628866 ]
 [0.05154639]
 [0.        ]
 [0.32994924]
 [0.17010309]
 [0.17924528]
 [0.31707317]
 [0.66494845]
 [0.36923077]
 [0.52307692]
 [0.76056338]
 [0.3490566 ]
 [0.        ]
 [0.53374233]
 [0.63380282]
 [0.1319797 ]
 [0.29955947]
 [0.29245283]
 [0.19512195]
 [0.0045045 ]
 [0.47183099]
 [0.17924528]
 [0.        ]
 [0.71134021]
 [0.71126761]
 [0.        ]
 [0.25      ]
 [0.82394366]
 [0.63235294]
 [0.44354839]
 [0.72392638]
 [0.30243902]
 [0.01219512]
 [0.33962264]
 [0.25471698]
 [0.        ]
 [0.14634146]
 [0.63402062]
 [0.        ]
 [0.51592357]
 [0.1037037 ]
 [0.00943396]
 [0.08247423]
 [0.75      ]
 [0.44512195]
 [0.        ]
 [0.28169014]
 [0.        ]
 [0.01801802]
 [0.16129032]
 [0.02380952]
 [0.69565217]
 [0.28169014]
 [0.41401274]
 [0.40236686]
 [0.        ]
 [0.27016129]
 [0.06153846]
 [0.55952381]
 [0.10650888]
 [0.23195876]
 [0.00740741]
 [0.02525253]
 [0.1402439 ]
 [0.00881057]
 [0.4233871 ]
 [0.02307692]
 [0.30241935]
 [0.1036036 ]
 [0.00735294]
 [0.01630435]
 [0.51707317]
 [0.13235294]
 [0.66494845]
 [0.07100592]
 [0.32484076]
 [0.46153846]
 [0.91549296]
 [0.50704225]
 [0.33152174]
 [0.78676471]
 [0.51190476]
 [0.12264151]
 [0.3190184 ]
 [0.06707317]
 [0.44444444]
 [0.39175258]
 [0.11464968]
 [0.14213198]
 [0.        ]
 [0.00403226]
 [0.05095541]
 [0.14705882]
 [0.36809816]
 [0.53076923]
 [0.2       ]
 [0.90140845]
 [0.52112676]
 [0.05952381]
 [0.        ]
 [0.01321586]
 [0.        ]
 [0.00900901]
 [0.        ]
 [0.36619718]
 [0.14110429]
 [0.08088235]
 [0.55633803]
 [0.23239437]
 [0.28629032]
 [0.31048387]
 [0.09090909]
 [0.20618557]
 [0.00740741]
 [0.1       ]
 [0.        ]
 [0.46323529]
 [0.20422535]
 [0.02222222]
 [0.89285714]
 [0.56565657]
 [1.        ]
 [0.61616162]
 [0.46478873]
 [0.35211268]
 [0.22535211]
 [0.62264151]
 [0.50531915]
 [0.49295775]
 [0.73529412]
 [0.55241935]
 [0.84615385]
 [0.96907216]
 [0.66666667]
 [0.66923077]
 [0.92307692]
 [0.81690141]
 [0.9044586 ]
 [0.9695122 ]
 [0.90769231]
 [0.86029412]
 [0.81617647]
 [1.        ]
 [0.96391753]
 [0.92424242]
 [0.4       ]
 [0.20422535]
 [0.48529412]
 [0.51533742]
 [0.01209677]
 [0.01190476]
 [0.28787879]
 [0.67676768]
 [0.19369369]
 [0.47979798]
 [0.27380952]
 [0.84274194]
 [0.26829268]
 [0.19811321]
 [0.5       ]
 [0.04929577]
 [0.36619718]
 [0.65217391]
 [0.6547619 ]
 [0.5       ]
 [0.61764706]
 [0.05185185]
 [0.26219512]
 [0.40566038]
 [0.04405286]
 [0.6509434 ]
 [0.27692308]
 [0.82075472]
 [0.65151515]
 [0.00943396]
 [0.63902439]
 [0.64150943]
 [0.30487805]
 [0.18461538]
 [0.76585366]
 [0.84782609]
 [0.32323232]
 [0.87116564]
 [0.20812183]
 [0.48407643]
 [0.95384615]
 [0.66037736]
 [0.0915493 ]
 [0.61616162]
 [0.38414634]
 [0.38028169]
 [0.64948454]
 [0.29299363]
 [0.10152284]
 [0.        ]
 [0.01612903]
 [0.        ]
 [0.00735294]
 [0.09202454]
 [0.30952381]
 [0.00613497]
 [0.24226804]
 [0.        ]
 [0.        ]
 [0.        ]
 [0.00881057]
 [0.        ]
 [0.08108108]
 [0.07746479]
 [0.68867925]
 [0.77380952]
 [0.62926829]
 [0.75735294]
 [0.11904762]
 [0.26380368]
 [0.11675127]
 [0.04761905]
 [0.        ]
 [0.        ]
 [0.73619632]
 [0.15243902]
 [0.67515924]
 [0.12162162]
 [0.17037037]
 [0.59278351]
 [0.17525773]
 [0.10377358]
 [0.01408451]
 [0.17525773]
 [0.65463918]
 [0.30412371]
 [0.85211268]
 [0.5952381 ]
 [1.        ]
 [0.75      ]
 [0.93902439]
 [0.93865031]
 [0.93298969]
 [0.94478528]
 [0.96153846]
 [0.81595092]
 [0.875     ]
 [1.        ]
 [0.85207101]
 [0.97938144]
 [0.8452381 ]
 [0.98790323]
 [1.        ]
 [0.66981132]
 [0.92253521]
 [0.63076923]
 [0.90721649]
 [0.17117117]
 [0.76262626]
 [0.4084507 ]
 [0.3857868 ]
 [0.05076142]
 [0.49044586]
 [0.65441176]
 [0.88709677]
 [0.14788732]
 [0.02030457]
 [0.04761905]
 [0.53846154]
 [0.14285714]
 [0.06701031]
 [0.5754717 ]
 [0.34969325]
 [0.01481481]
 [0.        ]
 [0.20121951]
 [0.        ]
 [0.08823529]
 [0.17682927]
 [0.07614213]
 [0.06701031]
 [0.49756098]
 [0.56585366]
 [0.86923077]
 [0.60365854]
 [0.58762887]
 [0.01840491]
 [0.72682927]
 [0.0915493 ]
 [0.10824742]
 [0.77016129]
 [0.20103093]
 [0.04268293]
 [0.4695122 ]
 [0.33505155]
 [0.73846154]
 [0.39189189]
 [0.32544379]
 [0.89570552]
 [0.45238095]
 [0.61693548]
 [0.43786982]
 [0.21830986]
 [0.84020619]
 [0.38095238]
 [0.39230769]
 [0.63190184]
 [0.05660377]
 [0.26804124]
 [0.49704142]
 [0.14285714]
 [0.02659574]
 [0.08461538]
 [0.01470588]
 [0.01321586]
 [0.01515152]
 [0.        ]
 [0.        ]
 [0.        ]
 [0.06598985]
 [0.35483871]
 [0.29756098]
 [0.60769231]
 [0.18382353]
 [0.08080808]
 [0.46391753]
 [0.16463415]
 [0.12195122]
 [0.00740741]
 [0.        ]
 [0.        ]
 [0.        ]
 [0.        ]
 [0.01775148]
 [0.        ]
 [0.08588957]
 [0.22580645]
 [0.        ]
 [0.        ]
 [0.00609756]
 [0.        ]
 [0.        ]
 [0.        ]
 [0.00543478]
 [0.        ]
 [0.01219512]
 [0.2804878 ]
 [0.        ]
 [0.36764706]
 [0.08088235]
 [0.1938326 ]
 [0.92638037]
 [0.12682927]
 [0.75796178]
 [0.17258883]
 [0.42253521]
 [0.18041237]
 [0.78343949]
 [0.39877301]
 [0.        ]
 [0.09756098]
 [0.        ]
 [0.01612903]
 [0.        ]
 [0.07142857]
 [0.06341463]
 [0.21195652]
 [0.1       ]
 [0.2016129 ]
 [0.37323944]
 [0.58870968]
 [0.11711712]
 [0.16494845]
 [0.39112903]
 [0.93630573]
 [0.15384615]
 [0.01030928]
 [0.25365854]
 [0.01183432]
 [0.08461538]
 [0.28723404]
 [0.04878049]
 [0.40206186]
 [0.31707317]
 [0.14201183]
 [0.16216216]
 [0.30177515]
 [0.01086957]
 [0.15441176]
 [0.12096774]
 [0.06306306]
 [0.25477707]
 [0.18502203]
 [0.52419355]
 [0.57216495]
 [0.0955414 ]
 [0.01829268]
 [0.12883436]
 [0.08064516]
 [0.        ]
 [0.        ]
 [0.        ]
 [0.        ]
 [0.        ]
 [0.03414634]
 [0.01219512]
 [0.65365854]
 [0.20487805]
 [0.55147059]
 [0.07746479]
 [0.66037736]
 [0.35025381]
 [0.33846154]
 [0.44785276]
 [0.32432432]
 [0.        ]
 [0.04347826]
 [0.        ]
 [0.01408451]
 [0.00740741]
 [0.05487805]
 [0.00735294]
 [0.35582822]
 [0.18951613]
 [0.84536082]
 [0.23239437]
 [0.        ]
 [0.09433962]
 [0.35384615]
 [0.01219512]
 [0.11585366]
 [0.44949495]
 [0.31132075]
 [0.32142857]
 [0.31531532]
 [0.01463415]
 [0.        ]
 [0.01612903]
 [0.00704225]
 [0.00704225]
 [0.01190476]
 [0.        ]
 [0.13095238]
 [0.01910828]
 [0.02439024]
 [0.1902439 ]
 [0.3814433 ]
 [0.15492958]
 [0.        ]
 [0.06338028]
 [0.50943396]
 [0.29936306]
 [1.        ]
 [0.92857143]
 [0.75121951]
 [0.8452381 ]
 [0.25252525]
 [0.26470588]
 [0.46153846]
 [0.21830986]
 [0.0304878 ]
 [0.20707071]
 [0.02112676]
 [0.05633803]
 [0.03184713]
 [0.        ]
 [0.18382353]
 [0.15976331]
 [0.07746479]
 [0.73195876]
 [0.04032258]
 [0.53676471]
 [0.42957746]
 [0.01481481]
 [0.36097561]
 [0.88343558]
 [0.18461538]
 [0.11971831]
 [0.75403226]
 [0.33136095]
 [0.69758065]
 [0.07100592]
 [0.15492958]
 [0.10429448]
 [0.        ]
 [0.05851064]
 [0.01015228]
 [0.00740741]
 [0.        ]
 [0.05952381]
 [0.07207207]
 [0.85853659]
 [0.25      ]
 [0.52760736]
 [1.        ]
 [0.75      ]
 [0.64390244]
 [0.40322581]
 [0.3452381 ]
 [0.17177914]
 [0.06603774]
 [0.00740741]
 [0.20103093]
 [0.08333333]
 [0.00613497]
 [0.        ]
 [0.        ]
 [0.        ]
 [0.        ]
 [0.        ]
 [0.01408451]
 [0.0106383 ]
 [0.14634146]
 [0.02307692]
 [0.44117647]
 [0.53807107]
 [0.22929936]
 [0.47770701]
 [0.125     ]
 [0.00440529]
 [0.04504505]
 [0.00505051]
 [0.0106383 ]
 [0.        ]
 [0.        ]
 [0.01408451]
 [0.06923077]
 [0.10132159]
 [0.01190476]
 [0.03092784]
 [0.02380952]
 [0.        ]
 [0.06748466]
 [0.25      ]
 [0.44785276]
 [0.36904762]
 [0.18536585]
 [0.0990991 ]
 [0.01190476]
 [0.07614213]
 [0.02252252]
 [0.00704225]
 [0.02173913]
 [0.00704225]
 [0.02538071]
 [0.00806452]
 [0.00609756]
 [0.09268293]
 [0.23414634]
 [0.01321586]
 [0.        ]
 [0.14141414]
 [0.09756098]
 [0.02112676]
 [0.00591716]
 [0.26993865]
 [0.23232323]
 [0.44162437]
 [0.51190476]
 [1.        ]]
hse length: (622, 3)
[[ 0.          0.          0.        ]
 [ 0.          4.          0.52738886]
 [ 2.          3.          0.77681115]
 ...
 [ 7.         17.          0.83274407]
 [10.          7.          0.69195365]
 [ 0.          0.          0.        ]]
HDMD length: (622, 5)
[[-0.663 -1.524  2.219 -1.005  1.212]
 [-0.591 -1.302 -0.733  1.57  -0.146]
 [ 0.336 -0.417 -1.673 -1.474 -0.078]
 ...
 [-1.006 -0.59   1.891 -0.397  0.412]
 [-0.384  1.652  1.33   1.045  2.064]
 [ 1.357 -1.453  1.477  0.113 -0.837]]
res_charge length: (622, 1)
[[-0.37]
 [-0.37]
 [-0.29]
 [-0.37]
 [-1.65]
 [-0.37]
 [-0.37]
 [-1.22]
 [-0.37]
 [ 0.  ]
 [-0.37]
 [-0.64]
 [-0.37]
 [-0.37]
 [-0.37]
 [-0.37]
 [-0.37]
 [-0.37]
 [-0.64]
 [-0.8 ]
 [-0.37]
 [-0.37]
 [-0.29]
 [-0.8 ]
 [-1.22]
 [-0.29]
 [-0.37]
 [-0.37]
 [-0.37]
 [-0.37]
 [ 0.  ]
 [-1.22]
 [-1.22]
 [-0.37]
 [-1.65]
 [-0.8 ]
 [-0.37]
 [-0.37]
 [-1.22]
 [-1.65]
 [-0.37]
 [-1.65]
 [-1.65]
 [-0.37]
 [-1.22]
 [-0.8 ]
 [-0.37]
 [-0.37]
 [-1.37]
 [-1.37]
 [-0.37]
 [-1.65]
 [-0.36]
 [-0.37]
 [-1.22]
 [-0.37]
 [-1.37]
 [-1.65]
 [-1.37]
 [-0.64]
 [-0.37]
 [-1.37]
 [-1.37]
 [-0.8 ]
 [-0.64]
 [-0.8 ]
 [-0.8 ]
 [-1.37]
 [-1.37]
 [-0.37]
 [-0.37]
 [-1.37]
 [-0.37]
 [-0.37]
 [-1.37]
 [-0.8 ]
 [-0.8 ]
 [-0.8 ]
 [-0.37]
 [-0.8 ]
 [-1.37]
 [-0.37]
 [-0.37]
 [-0.79]
 [-0.37]
 [-0.36]
 [-0.8 ]
 [-0.8 ]
 [-0.37]
 [-0.64]
 [-1.37]
 [-0.8 ]
 [-0.37]
 [-1.65]
 [-0.8 ]
 [ 0.  ]
 [-1.65]
 [-1.37]
 [-0.36]
 [-0.37]
 [-0.37]
 [-0.37]
 [-0.64]
 [-0.37]
 [-1.37]
 [-0.37]
 [-1.22]
 [-0.64]
 [-0.37]
 [-1.37]
 [-0.37]
 [-0.37]
 [-0.37]
 [-0.8 ]
 [-1.22]
 [-0.8 ]
 [-1.65]
 [-0.37]
 [-0.29]
 [-0.37]
 [-1.22]
 [-0.37]
 [-0.8 ]
 [-1.65]
 [-0.8 ]
 [-0.37]
 [-0.37]
 [-1.37]
 [-0.64]
 [-1.22]
 [-0.37]
 [-0.79]
 [-1.65]
 [-0.8 ]
 [-1.65]
 [-0.8 ]
 [ 0.  ]
 [-0.29]
 [-0.36]
 [ 0.  ]
 [-1.37]
 [-0.37]
 [-1.22]
 [-0.8 ]
 [-0.8 ]
 [-0.8 ]
 [-0.29]
 [ 0.  ]
 [-0.37]
 [-0.37]
 [-1.37]
 [-0.37]
 [-1.22]
 [-1.37]
 [-1.22]
 [-0.37]
 [-0.64]
 [-1.65]
 [-1.22]
 [ 0.  ]
 [-1.37]
 [-0.8 ]
 [-0.8 ]
 [-0.8 ]
 [-0.8 ]
 [-0.37]
 [ 0.  ]
 [-0.79]
 [-0.64]
 [-0.8 ]
 [-0.8 ]
 [-0.8 ]
 [-1.37]
 [ 0.  ]
 [-0.8 ]
 [-0.37]
 [-1.65]
 [-1.65]
 [-1.22]
 [-1.37]
 [-0.64]
 [-0.8 ]
 [-0.37]
 [ 0.  ]
 [-0.37]
 [-0.64]
 [-0.37]
 [-1.22]
 [-1.37]
 [-1.22]
 [-0.37]
 [-0.8 ]
 [-0.37]
 [-0.37]
 [-0.37]
 [-0.8 ]
 [ 0.  ]
 [-1.65]
 [-0.8 ]
 [-1.37]
 [-0.37]
 [-0.8 ]
 [-0.8 ]
 [-0.37]
 [-1.22]
 [-0.37]
 [-0.8 ]
 [ 0.  ]
 [ 0.  ]
 [-0.37]
 [-1.37]
 [-1.22]
 [-0.64]
 [-0.37]
 [ 0.  ]
 [-1.37]
 [-1.65]
 [-0.37]
 [-1.22]
 [-1.22]
 [-0.8 ]
 [-1.22]
 [-0.37]
 [-1.65]
 [-0.37]
 [-0.37]
 [-0.37]
 [-0.8 ]
 [-0.8 ]
 [-0.29]
 [-0.37]
 [-0.37]
 [ 0.  ]
 [-0.64]
 [-0.37]
 [-0.37]
 [-0.79]
 [-0.37]
 [-0.8 ]
 [-0.37]
 [-1.22]
 [-0.37]
 [-0.36]
 [-0.37]
 [-0.37]
 [-0.8 ]
 [-0.36]
 [-0.29]
 [-1.22]
 [-1.37]
 [-0.37]
 [-1.22]
 [-0.8 ]
 [-0.37]
 [-0.37]
 [-1.22]
 [-0.37]
 [-0.37]
 [-1.37]
 [-1.22]
 [-0.37]
 [-0.64]
 [-1.65]
 [-1.22]
 [ 0.  ]
 [-1.37]
 [-0.37]
 [-1.37]
 [-1.37]
 [-1.37]
 [-0.37]
 [-0.37]
 [-0.79]
 [-0.64]
 [-0.8 ]
 [-0.37]
 [-0.37]
 [-0.37]
 [-0.36]
 [ 0.  ]
 [-0.37]
 [-1.37]
 [-0.37]
 [-0.37]
 [-0.8 ]
 [-0.64]
 [-1.37]
 [-0.37]
 [-1.22]
 [-0.8 ]
 [-0.64]
 [-1.37]
 [-1.37]
 [-0.37]
 [-0.37]
 [-1.37]
 [-1.37]
 [-1.37]
 [-0.8 ]
 [-0.37]
 [-1.37]
 [-0.37]
 [-0.37]
 [-1.37]
 [-1.37]
 [-1.37]
 [-0.8 ]
 [-1.37]
 [-1.65]
 [-0.37]
 [-0.37]
 [-1.37]
 [-0.37]
 [-1.65]
 [-0.8 ]
 [-0.37]
 [-0.8 ]
 [-0.8 ]
 [-1.37]
 [-0.8 ]
 [-1.22]
 [-0.8 ]
 [-0.37]
 [-0.37]
 [-1.22]
 [ 0.  ]
 [-1.65]
 [-0.8 ]
 [-0.37]
 [-0.37]
 [-0.8 ]
 [-0.37]
 [-1.37]
 [-0.37]
 [-1.37]
 [-0.64]
 [-0.37]
 [-0.37]
 [-1.65]
 [ 0.  ]
 [-0.37]
 [-0.37]
 [-1.37]
 [-0.36]
 [-0.36]
 [-0.8 ]
 [-0.37]
 [-1.37]
 [-1.37]
 [-0.36]
 [-0.8 ]
 [-1.37]
 [-1.65]
 [-1.37]
 [-0.37]
 [-0.37]
 [-1.37]
 [-0.8 ]
 [-0.8 ]
 [-0.37]
 [-1.37]
 [-0.37]
 [-1.65]
 [-0.37]
 [-0.37]
 [-1.37]
 [-0.37]
 [-0.8 ]
 [-1.37]
 [-0.37]
 [-1.37]
 [-0.37]
 [-0.37]
 [-0.37]
 [-0.8 ]
 [ 0.  ]
 [-0.79]
 [-1.22]
 [-0.37]
 [-0.37]
 [-0.37]
 [-0.37]
 [-1.65]
 [-0.36]
 [-0.8 ]
 [ 0.  ]
 [-1.22]
 [-1.37]
 [-0.37]
 [-0.37]
 [-0.64]
 [-0.37]
 [-0.37]
 [-0.8 ]
 [-0.37]
 [-0.37]
 [-0.8 ]
 [-1.37]
 [-1.65]
 [-0.79]
 [-0.37]
 [-0.37]
 [-0.8 ]
 [-0.37]
 [-0.37]
 [-0.29]
 [-0.64]
 [-0.37]
 [-0.37]
 [-0.8 ]
 [ 0.  ]
 [ 0.  ]
 [-0.79]
 [-1.37]
 [-0.36]
 [-1.22]
 [-0.37]
 [-0.8 ]
 [-1.37]
 [-1.22]
 [-1.37]
 [-0.37]
 [-0.37]
 [-0.37]
 [-1.65]
 [-0.37]
 [-0.37]
 [-0.36]
 [-0.29]
 [-0.8 ]
 [-1.65]
 [-0.8 ]
 [-1.65]
 [-0.8 ]
 [-1.37]
 [-1.65]
 [-1.22]
 [-0.37]
 [-1.37]
 [-0.36]
 [-0.37]
 [-0.8 ]
 [-0.37]
 [-0.37]
 [-1.37]
 [-0.36]
 [-0.37]
 [-0.8 ]
 [-0.37]
 [-0.29]
 [ 0.  ]
 [-1.65]
 [-0.8 ]
 [-1.22]
 [-0.79]
 [-1.65]
 [-1.37]
 [-1.22]
 [-0.37]
 [-1.37]
 [-1.65]
 [-1.37]
 [-0.37]
 [-0.37]
 [-0.37]
 [-0.37]
 [-0.36]
 [-0.37]
 [-0.36]
 [-0.36]
 [ 0.  ]
 [-0.37]
 [-0.37]
 [-0.37]
 [-0.8 ]
 [-1.37]
 [-0.8 ]
 [-0.37]
 [-0.29]
 [ 0.  ]
 [-0.37]
 [-0.64]
 [-0.37]
 [ 0.  ]
 [-1.37]
 [-1.65]
 [-1.37]
 [-0.8 ]
 [-0.37]
 [-0.37]
 [-0.8 ]
 [-0.37]
 [-0.37]
 [-1.22]
 [-0.37]
 [-0.37]
 [-0.8 ]
 [-0.36]
 [-0.37]
 [-1.65]
 [-0.37]
 [-0.8 ]
 [-0.37]
 [-0.79]
 [-0.37]
 [-1.22]
 [-0.37]
 [-0.36]
 [-1.37]
 [-0.8 ]
 [-0.79]
 [-0.8 ]
 [-0.37]
 [-1.22]
 [-0.37]
 [-0.37]
 [-0.36]
 [-0.37]
 [-1.22]
 [ 0.  ]
 [-0.8 ]
 [-0.37]
 [-0.37]
 [-1.22]
 [-0.37]
 [-0.37]
 [-1.22]
 [-0.37]
 [ 0.  ]
 [-0.37]
 [-0.37]
 [-1.37]
 [-1.65]
 [ 0.  ]
 [-0.37]
 [-0.64]
 [-0.36]
 [-1.37]
 [-0.8 ]
 [-0.8 ]
 [-1.65]
 [-0.37]
 [-1.65]
 [-0.37]
 [-0.8 ]
 [-1.37]
 [-1.22]
 [-0.37]
 [-0.37]
 [-0.64]
 [-0.37]
 [-0.37]
 [-0.8 ]
 [-0.36]
 [ 0.  ]
 [-1.37]
 [-1.37]
 [-0.37]
 [-0.36]
 [-1.65]
 [-0.37]
 [-1.37]
 [-0.37]
 [-0.64]
 [-1.37]
 [-0.37]
 [-1.37]
 [-0.8 ]
 [-0.37]
 [-0.37]
 [ 0.  ]
 [-0.37]
 [-0.37]
 [-0.37]
 [-0.36]
 [-0.8 ]
 [ 0.  ]
 [-0.37]
 [-1.22]
 [-1.22]
 [-1.65]
 [-0.79]
 [-0.8 ]
 [-1.22]
 [-0.37]
 [-0.37]
 [-0.37]
 [-0.37]
 [-0.8 ]
 [-0.79]
 [-0.37]
 [-1.37]
 [-0.37]
 [-0.64]
 [-1.37]
 [-1.65]
 [-1.37]
 [-0.37]
 [-0.36]
 [-0.8 ]
 [-0.37]
 [-0.37]
 [-0.8 ]
 [-0.8 ]
 [-0.29]
 [-0.37]
 [-0.37]
 [-1.65]
 [-0.37]
 [-0.36]
 [-0.36]
 [-0.79]
 [-0.37]
 [-1.22]
 [-0.36]
 [-0.37]
 [-0.37]
 [-1.37]
 [-1.22]
 [-0.37]
 [-0.37]
 [-1.37]]
res_polarity length: (622, 4)
[[1. 0. 0. 0.]
 [1. 0. 0. 0.]
 [0. 1. 0. 0.]
 ...
 [1. 0. 0. 0.]
 [1. 0. 0. 0.]
 [0. 0. 1. 0.]]
hhm length: (622, 30)
length of input_data: 0
